<?xml version="1.0" encoding="UTF-8"?>
<!-- Generated by org.testng.reporters.JUnitXMLReporter -->
<testsuite ignored="0" hostname="LAPTOP-J7IILEPI" failures="0" tests="2" name="Test_Firefox" time="0.073" errors="0" timestamp="2023-09-15T18:18:17 IST">
  <testcase classname="POM_DDF_TestNG_BaseClass_UtilityClass.Adactin_Test_Class" name="verifyUsername" time="0.001">
    <skipped/>
  </testcase> <!-- verifyUsername -->
  <testcase classname="POM_DDF_TestNG_BaseClass_UtilityClass.Adactin_Test_Class" name="getTitleOfApp" time="0.0">
    <skipped/>
  </testcase> <!-- getTitleOfApp -->
</testsuite> <!-- Test_Firefox -->
